[23:24:16 INF] Starting web host
[23:24:16 INF] ###App Version:1.0.0.0###
[23:24:16 INF] ###Prime Configuration:{"ConnectionStrings":{"PipDatabase":"Host=localhost;Port=5433;Database=postgres;Username=postgres;Password=postgres"}}###
[23:25:35 INF] Now listening on: https://localhost:5051
[23:25:35 INF] Now listening on: http://localhost:5050
[23:25:35 INF] Application started. Press Ctrl+C to shut down.
[23:25:35 INF] Hosting environment: Development
[23:25:35 INF] Content root path: C:\Users\228884\Desktop\Projects\Repos\moh-prime\pip-dotnet-webapi
[23:25:42 ERR] An unhandled exception has occurred while executing the request.
System.InvalidOperationException: Unable to resolve service for type 'Swashbuckle.AspNetCore.Swagger.ISwaggerProvider' while attempting to Invoke middleware 'Swashbuckle.AspNetCore.Swagger.SwaggerMiddleware'.
   at Microsoft.AspNetCore.Builder.UseMiddlewareExtensions.GetService(IServiceProvider sp, Type type, Type middleware)
   at lambda_method6(Closure , Object , HttpContext , IServiceProvider )
   at Microsoft.AspNetCore.Builder.UseMiddlewareExtensions.<>c__DisplayClass5_1.<UseMiddleware>b__2(HttpContext context)
   at Microsoft.AspNetCore.Diagnostics.DeveloperExceptionPageMiddleware.Invoke(HttpContext context)
[23:26:07 ERR] An unhandled exception has occurred while executing the request.
System.InvalidOperationException: Unable to resolve service for type 'Swashbuckle.AspNetCore.Swagger.ISwaggerProvider' while attempting to Invoke middleware 'Swashbuckle.AspNetCore.Swagger.SwaggerMiddleware'.
   at Microsoft.AspNetCore.Builder.UseMiddlewareExtensions.GetService(IServiceProvider sp, Type type, Type middleware)
   at lambda_method6(Closure , Object , HttpContext , IServiceProvider )
   at Microsoft.AspNetCore.Builder.UseMiddlewareExtensions.<>c__DisplayClass5_1.<UseMiddleware>b__2(HttpContext context)
   at Microsoft.AspNetCore.Diagnostics.DeveloperExceptionPageMiddleware.Invoke(HttpContext context)
[23:26:30 ERR] An unhandled exception has occurred while executing the request.
System.InvalidOperationException: Unable to resolve service for type 'Swashbuckle.AspNetCore.Swagger.ISwaggerProvider' while attempting to Invoke middleware 'Swashbuckle.AspNetCore.Swagger.SwaggerMiddleware'.
   at Microsoft.AspNetCore.Builder.UseMiddlewareExtensions.GetService(IServiceProvider sp, Type type, Type middleware)
   at lambda_method6(Closure , Object , HttpContext , IServiceProvider )
   at Microsoft.AspNetCore.Builder.UseMiddlewareExtensions.<>c__DisplayClass5_1.<UseMiddleware>b__2(HttpContext context)
   at Microsoft.AspNetCore.Diagnostics.DeveloperExceptionPageMiddleware.Invoke(HttpContext context)
[23:27:05 INF] Starting web host
[23:27:05 INF] ###App Version:1.0.0.0###
[23:27:06 INF] ###Prime Configuration:{"ConnectionStrings":{"PipDatabase":"Host=localhost;Port=5433;Database=postgres;Username=postgres;Password=postgres"}}###
[23:27:06 INF] Now listening on: https://localhost:5051
[23:27:06 INF] Now listening on: http://localhost:5050
[23:27:06 INF] Application started. Press Ctrl+C to shut down.
[23:27:06 INF] Hosting environment: Development
[23:27:06 INF] Content root path: C:\Users\228884\Desktop\Projects\Repos\moh-prime\pip-dotnet-webapi
[23:27:17 ERR] An unhandled exception has occurred while executing the request.
System.InvalidOperationException: Unable to resolve service for type 'Swashbuckle.AspNetCore.Swagger.ISwaggerProvider' while attempting to Invoke middleware 'Swashbuckle.AspNetCore.Swagger.SwaggerMiddleware'.
   at Microsoft.AspNetCore.Builder.UseMiddlewareExtensions.GetService(IServiceProvider sp, Type type, Type middleware)
   at lambda_method6(Closure , Object , HttpContext , IServiceProvider )
   at Microsoft.AspNetCore.Builder.UseMiddlewareExtensions.<>c__DisplayClass5_1.<UseMiddleware>b__2(HttpContext context)
   at Microsoft.AspNetCore.Diagnostics.DeveloperExceptionPageMiddleware.Invoke(HttpContext context)
[23:34:32 INF] Starting web host
[23:34:33 INF] ###App Version:1.0.0.0###
[23:34:33 INF] ###Prime Configuration:{"ConnectionStrings":{"PipDatabase":"Host=localhost;Port=5433;Database=postgres;Username=postgres;Password=postgres"}}###
[23:34:33 INF] Now listening on: https://localhost:5051
[23:34:33 INF] Now listening on: http://localhost:5050
[23:34:33 INF] Application started. Press Ctrl+C to shut down.
[23:34:33 INF] Hosting environment: Development
[23:34:33 INF] Content root path: C:\Users\228884\Desktop\Projects\Repos\moh-prime\pip-dotnet-webapi
[23:34:48 ERR] An unhandled exception has occurred while executing the request.
System.IO.FileNotFoundException: Could not find file 'C:\Users\228884\Desktop\Projects\Repos\moh-prime\pip-dotnet-webapi\bin\Debug\net6.0\pip.xml'.
File name: 'C:\Users\228884\Desktop\Projects\Repos\moh-prime\pip-dotnet-webapi\bin\Debug\net6.0\pip.xml'
   at Microsoft.Win32.SafeHandles.SafeFileHandle.CreateFile(String fullPath, FileMode mode, FileAccess access, FileShare share, FileOptions options)
   at Microsoft.Win32.SafeHandles.SafeFileHandle.Open(String fullPath, FileMode mode, FileAccess access, FileShare share, FileOptions options, Int64 preallocationSize)
   at System.IO.Strategies.OSFileStreamStrategy..ctor(String path, FileMode mode, FileAccess access, FileShare share, FileOptions options, Int64 preallocationSize)
   at System.IO.Strategies.FileStreamHelpers.ChooseStrategyCore(String path, FileMode mode, FileAccess access, FileShare share, FileOptions options, Int64 preallocationSize)
   at System.IO.Strategies.FileStreamHelpers.ChooseStrategy(FileStream fileStream, String path, FileMode mode, FileAccess access, FileShare share, Int32 bufferSize, FileOptions options, Int64 preallocationSize)
   at System.IO.FileStream..ctor(String path, FileMode mode, FileAccess access, FileShare share, Int32 bufferSize)
   at System.Xml.XmlDownloadManager.GetStream(Uri uri, ICredentials credentials, IWebProxy proxy)
   at System.Xml.XmlUrlResolver.GetEntity(Uri absoluteUri, String role, Type ofObjectToReturn)
   at System.Xml.XmlTextReaderImpl.OpenUrl()
   at System.Xml.XmlTextReaderImpl.Read()
   at System.Xml.XPath.XPathDocument.LoadFromReader(XmlReader reader, XmlSpace space)
   at System.Xml.XPath.XPathDocument..ctor(String uri, XmlSpace space)
   at System.Xml.XPath.XPathDocument..ctor(String uri)
   at Microsoft.Extensions.DependencyInjection.SwaggerGenOptionsExtensions.<>c__DisplayClass30_0.<IncludeXmlComments>b__0()
   at Microsoft.Extensions.DependencyInjection.SwaggerGenOptionsExtensions.IncludeXmlComments(SwaggerGenOptions swaggerGenOptions, Func`1 xmlDocFactory, Boolean includeControllerXmlComments)
   at Microsoft.Extensions.DependencyInjection.SwaggerGenOptionsExtensions.IncludeXmlComments(SwaggerGenOptions swaggerGenOptions, String filePath, Boolean includeControllerXmlComments)
   at Pip.Startup.<>c.<ConfigureServices>b__8_2(SwaggerGenOptions c) in C:\Users\228884\Desktop\Projects\Repos\moh-prime\pip-dotnet-webapi\Startup.cs:line 61
   at Microsoft.Extensions.Options.ConfigureNamedOptions`1.Configure(String name, TOptions options)
   at Microsoft.Extensions.Options.OptionsFactory`1.Create(String name)
   at Microsoft.Extensions.Options.UnnamedOptionsManager`1.get_Value()
   at Swashbuckle.AspNetCore.SwaggerGen.ConfigureSwaggerGeneratorOptions..ctor(IOptions`1 swaggerGenOptionsAccessor, IServiceProvider serviceProvider, IWebHostEnvironment hostingEnv)
   at System.RuntimeMethodHandle.InvokeMethod(Object target, Span`1& arguments, Signature sig, Boolean constructor, Boolean wrapExceptions)
   at System.Reflection.RuntimeConstructorInfo.Invoke(BindingFlags invokeAttr, Binder binder, Object[] parameters, CultureInfo culture)
   at Microsoft.Extensions.DependencyInjection.ServiceLookup.CallSiteRuntimeResolver.VisitConstructor(ConstructorCallSite constructorCallSite, RuntimeResolverContext context)
   at Microsoft.Extensions.DependencyInjection.ServiceLookup.CallSiteVisitor`2.VisitCallSiteMain(ServiceCallSite callSite, TArgument argument)
   at Microsoft.Extensions.DependencyInjection.ServiceLookup.CallSiteVisitor`2.VisitCallSite(ServiceCallSite callSite, TArgument argument)
   at Microsoft.Extensions.DependencyInjection.ServiceLookup.CallSiteRuntimeResolver.VisitIEnumerable(IEnumerableCallSite enumerableCallSite, RuntimeResolverContext context)
   at Microsoft.Extensions.DependencyInjection.ServiceLookup.CallSiteVisitor`2.VisitCallSiteMain(ServiceCallSite callSite, TArgument argument)
   at Microsoft.Extensions.DependencyInjection.ServiceLookup.CallSiteVisitor`2.VisitCallSite(ServiceCallSite callSite, TArgument argument)
   at Microsoft.Extensions.DependencyInjection.ServiceLookup.CallSiteRuntimeResolver.VisitConstructor(ConstructorCallSite constructorCallSite, RuntimeResolverContext context)
   at Microsoft.Extensions.DependencyInjection.ServiceLookup.CallSiteVisitor`2.VisitCallSiteMain(ServiceCallSite callSite, TArgument argument)
   at Microsoft.Extensions.DependencyInjection.ServiceLookup.CallSiteVisitor`2.VisitCallSite(ServiceCallSite callSite, TArgument argument)
   at Microsoft.Extensions.DependencyInjection.ServiceLookup.CallSiteRuntimeResolver.VisitConstructor(ConstructorCallSite constructorCallSite, RuntimeResolverContext context)
   at Microsoft.Extensions.DependencyInjection.ServiceLookup.CallSiteVisitor`2.VisitCallSiteMain(ServiceCallSite callSite, TArgument argument)
   at Microsoft.Extensions.DependencyInjection.ServiceLookup.CallSiteRuntimeResolver.VisitRootCache(ServiceCallSite callSite, RuntimeResolverContext context)
   at Microsoft.Extensions.DependencyInjection.ServiceLookup.CallSiteVisitor`2.VisitCallSite(ServiceCallSite callSite, TArgument argument)
   at Microsoft.Extensions.DependencyInjection.ServiceLookup.CallSiteRuntimeResolver.Resolve(ServiceCallSite callSite, ServiceProviderEngineScope scope)
   at Microsoft.Extensions.DependencyInjection.ServiceProvider.CreateServiceAccessor(Type serviceType)
   at System.Collections.Concurrent.ConcurrentDictionary`2.GetOrAdd(TKey key, Func`2 valueFactory)
   at Microsoft.Extensions.DependencyInjection.ServiceProvider.GetService(Type serviceType, ServiceProviderEngineScope serviceProviderEngineScope)
   at Microsoft.Extensions.DependencyInjection.ServiceLookup.ServiceProviderEngineScope.GetService(Type serviceType)
   at Microsoft.Extensions.DependencyInjection.ServiceProviderServiceExtensions.GetRequiredService(IServiceProvider provider, Type serviceType)
   at Microsoft.Extensions.DependencyInjection.ServiceProviderServiceExtensions.GetRequiredService[T](IServiceProvider provider)
   at Microsoft.Extensions.DependencyInjection.SwaggerGenServiceCollectionExtensions.<>c.<AddSwaggerGen>b__0_1(IServiceProvider s)
   at Microsoft.Extensions.DependencyInjection.ServiceLookup.CallSiteVisitor`2.VisitCallSiteMain(ServiceCallSite callSite, TArgument argument)
   at Microsoft.Extensions.DependencyInjection.ServiceLookup.CallSiteVisitor`2.VisitCallSite(ServiceCallSite callSite, TArgument argument)
   at Microsoft.Extensions.DependencyInjection.ServiceLookup.CallSiteRuntimeResolver.VisitConstructor(ConstructorCallSite constructorCallSite, RuntimeResolverContext context)
   at Microsoft.Extensions.DependencyInjection.ServiceLookup.CallSiteVisitor`2.VisitCallSiteMain(ServiceCallSite callSite, TArgument argument)
   at Microsoft.Extensions.DependencyInjection.ServiceLookup.CallSiteVisitor`2.VisitCallSite(ServiceCallSite callSite, TArgument argument)
   at Microsoft.Extensions.DependencyInjection.ServiceLookup.CallSiteRuntimeResolver.Resolve(ServiceCallSite callSite, ServiceProviderEngineScope scope)
   at Microsoft.Extensions.DependencyInjection.ServiceLookup.DynamicServiceProviderEngine.<>c__DisplayClass2_0.<RealizeService>b__0(ServiceProviderEngineScope scope)
   at Microsoft.Extensions.DependencyInjection.ServiceProvider.GetService(Type serviceType, ServiceProviderEngineScope serviceProviderEngineScope)
   at Microsoft.Extensions.DependencyInjection.ServiceLookup.ServiceProviderEngineScope.GetService(Type serviceType)
   at Microsoft.AspNetCore.Builder.UseMiddlewareExtensions.GetService(IServiceProvider sp, Type type, Type middleware)
   at lambda_method6(Closure , Object , HttpContext , IServiceProvider )
   at Microsoft.AspNetCore.Builder.UseMiddlewareExtensions.<>c__DisplayClass5_1.<UseMiddleware>b__2(HttpContext context)
   at Microsoft.AspNetCore.Diagnostics.DeveloperExceptionPageMiddleware.Invoke(HttpContext context)
[23:35:37 ERR] An unhandled exception has occurred while executing the request.
System.IO.FileNotFoundException: Could not find file 'C:\Users\228884\Desktop\Projects\Repos\moh-prime\pip-dotnet-webapi\bin\Debug\net6.0\pip.xml'.
File name: 'C:\Users\228884\Desktop\Projects\Repos\moh-prime\pip-dotnet-webapi\bin\Debug\net6.0\pip.xml'
   at Microsoft.Win32.SafeHandles.SafeFileHandle.CreateFile(String fullPath, FileMode mode, FileAccess access, FileShare share, FileOptions options)
   at Microsoft.Win32.SafeHandles.SafeFileHandle.Open(String fullPath, FileMode mode, FileAccess access, FileShare share, FileOptions options, Int64 preallocationSize)
   at System.IO.Strategies.OSFileStreamStrategy..ctor(String path, FileMode mode, FileAccess access, FileShare share, FileOptions options, Int64 preallocationSize)
   at System.IO.Strategies.FileStreamHelpers.ChooseStrategyCore(String path, FileMode mode, FileAccess access, FileShare share, FileOptions options, Int64 preallocationSize)
   at System.IO.Strategies.FileStreamHelpers.ChooseStrategy(FileStream fileStream, String path, FileMode mode, FileAccess access, FileShare share, Int32 bufferSize, FileOptions options, Int64 preallocationSize)
   at System.IO.FileStream..ctor(String path, FileMode mode, FileAccess access, FileShare share, Int32 bufferSize)
   at System.Xml.XmlDownloadManager.GetStream(Uri uri, ICredentials credentials, IWebProxy proxy)
   at System.Xml.XmlUrlResolver.GetEntity(Uri absoluteUri, String role, Type ofObjectToReturn)
   at System.Xml.XmlTextReaderImpl.OpenUrl()
   at System.Xml.XmlTextReaderImpl.Read()
   at System.Xml.XPath.XPathDocument.LoadFromReader(XmlReader reader, XmlSpace space)
   at System.Xml.XPath.XPathDocument..ctor(String uri, XmlSpace space)
   at System.Xml.XPath.XPathDocument..ctor(String uri)
   at Microsoft.Extensions.DependencyInjection.SwaggerGenOptionsExtensions.<>c__DisplayClass30_0.<IncludeXmlComments>b__0()
   at Microsoft.Extensions.DependencyInjection.SwaggerGenOptionsExtensions.IncludeXmlComments(SwaggerGenOptions swaggerGenOptions, Func`1 xmlDocFactory, Boolean includeControllerXmlComments)
   at Microsoft.Extensions.DependencyInjection.SwaggerGenOptionsExtensions.IncludeXmlComments(SwaggerGenOptions swaggerGenOptions, String filePath, Boolean includeControllerXmlComments)
   at Pip.Startup.<>c.<ConfigureServices>b__8_2(SwaggerGenOptions c) in C:\Users\228884\Desktop\Projects\Repos\moh-prime\pip-dotnet-webapi\Startup.cs:line 61
   at Microsoft.Extensions.Options.ConfigureNamedOptions`1.Configure(String name, TOptions options)
   at Microsoft.Extensions.Options.OptionsFactory`1.Create(String name)
   at Microsoft.Extensions.Options.UnnamedOptionsManager`1.get_Value()
   at Swashbuckle.AspNetCore.SwaggerGen.ConfigureSwaggerGeneratorOptions..ctor(IOptions`1 swaggerGenOptionsAccessor, IServiceProvider serviceProvider, IWebHostEnvironment hostingEnv)
   at System.RuntimeMethodHandle.InvokeMethod(Object target, Span`1& arguments, Signature sig, Boolean constructor, Boolean wrapExceptions)
   at System.Reflection.RuntimeConstructorInfo.Invoke(BindingFlags invokeAttr, Binder binder, Object[] parameters, CultureInfo culture)
   at Microsoft.Extensions.DependencyInjection.ServiceLookup.CallSiteRuntimeResolver.VisitConstructor(ConstructorCallSite constructorCallSite, RuntimeResolverContext context)
   at Microsoft.Extensions.DependencyInjection.ServiceLookup.CallSiteVisitor`2.VisitCallSiteMain(ServiceCallSite callSite, TArgument argument)
   at Microsoft.Extensions.DependencyInjection.ServiceLookup.CallSiteVisitor`2.VisitCallSite(ServiceCallSite callSite, TArgument argument)
   at Microsoft.Extensions.DependencyInjection.ServiceLookup.CallSiteRuntimeResolver.VisitIEnumerable(IEnumerableCallSite enumerableCallSite, RuntimeResolverContext context)
   at Microsoft.Extensions.DependencyInjection.ServiceLookup.CallSiteVisitor`2.VisitCallSiteMain(ServiceCallSite callSite, TArgument argument)
   at Microsoft.Extensions.DependencyInjection.ServiceLookup.CallSiteVisitor`2.VisitCallSite(ServiceCallSite callSite, TArgument argument)
   at Microsoft.Extensions.DependencyInjection.ServiceLookup.CallSiteRuntimeResolver.VisitConstructor(ConstructorCallSite constructorCallSite, RuntimeResolverContext context)
   at Microsoft.Extensions.DependencyInjection.ServiceLookup.CallSiteVisitor`2.VisitCallSiteMain(ServiceCallSite callSite, TArgument argument)
   at Microsoft.Extensions.DependencyInjection.ServiceLookup.CallSiteVisitor`2.VisitCallSite(ServiceCallSite callSite, TArgument argument)
   at Microsoft.Extensions.DependencyInjection.ServiceLookup.CallSiteRuntimeResolver.VisitConstructor(ConstructorCallSite constructorCallSite, RuntimeResolverContext context)
   at Microsoft.Extensions.DependencyInjection.ServiceLookup.CallSiteVisitor`2.VisitCallSiteMain(ServiceCallSite callSite, TArgument argument)
   at Microsoft.Extensions.DependencyInjection.ServiceLookup.CallSiteRuntimeResolver.VisitRootCache(ServiceCallSite callSite, RuntimeResolverContext context)
   at Microsoft.Extensions.DependencyInjection.ServiceLookup.CallSiteVisitor`2.VisitCallSite(ServiceCallSite callSite, TArgument argument)
   at Microsoft.Extensions.DependencyInjection.ServiceLookup.CallSiteRuntimeResolver.Resolve(ServiceCallSite callSite, ServiceProviderEngineScope scope)
   at Microsoft.Extensions.DependencyInjection.ServiceProvider.CreateServiceAccessor(Type serviceType)
   at System.Collections.Concurrent.ConcurrentDictionary`2.GetOrAdd(TKey key, Func`2 valueFactory)
   at Microsoft.Extensions.DependencyInjection.ServiceProvider.GetService(Type serviceType, ServiceProviderEngineScope serviceProviderEngineScope)
   at Microsoft.Extensions.DependencyInjection.ServiceLookup.ServiceProviderEngineScope.GetService(Type serviceType)
   at Microsoft.Extensions.DependencyInjection.ServiceProviderServiceExtensions.GetRequiredService(IServiceProvider provider, Type serviceType)
   at Microsoft.Extensions.DependencyInjection.ServiceProviderServiceExtensions.GetRequiredService[T](IServiceProvider provider)
   at Microsoft.Extensions.DependencyInjection.SwaggerGenServiceCollectionExtensions.<>c.<AddSwaggerGen>b__0_1(IServiceProvider s)
   at Microsoft.Extensions.DependencyInjection.ServiceLookup.CallSiteVisitor`2.VisitCallSiteMain(ServiceCallSite callSite, TArgument argument)
   at Microsoft.Extensions.DependencyInjection.ServiceLookup.CallSiteVisitor`2.VisitCallSite(ServiceCallSite callSite, TArgument argument)
   at Microsoft.Extensions.DependencyInjection.ServiceLookup.CallSiteRuntimeResolver.VisitConstructor(ConstructorCallSite constructorCallSite, RuntimeResolverContext context)
   at Microsoft.Extensions.DependencyInjection.ServiceLookup.CallSiteVisitor`2.VisitCallSiteMain(ServiceCallSite callSite, TArgument argument)
   at Microsoft.Extensions.DependencyInjection.ServiceLookup.CallSiteVisitor`2.VisitCallSite(ServiceCallSite callSite, TArgument argument)
   at Microsoft.Extensions.DependencyInjection.ServiceLookup.CallSiteRuntimeResolver.Resolve(ServiceCallSite callSite, ServiceProviderEngineScope scope)
   at Microsoft.Extensions.DependencyInjection.ServiceLookup.DynamicServiceProviderEngine.<>c__DisplayClass2_0.<RealizeService>b__0(ServiceProviderEngineScope scope)
   at Microsoft.Extensions.DependencyInjection.ServiceProvider.GetService(Type serviceType, ServiceProviderEngineScope serviceProviderEngineScope)
   at Microsoft.Extensions.DependencyInjection.ServiceLookup.ServiceProviderEngineScope.GetService(Type serviceType)
   at Microsoft.AspNetCore.Builder.UseMiddlewareExtensions.GetService(IServiceProvider sp, Type type, Type middleware)
   at lambda_method6(Closure , Object , HttpContext , IServiceProvider )
   at Microsoft.AspNetCore.Builder.UseMiddlewareExtensions.<>c__DisplayClass5_1.<UseMiddleware>b__2(HttpContext context)
   at Microsoft.AspNetCore.Diagnostics.DeveloperExceptionPageMiddleware.Invoke(HttpContext context)
[23:38:26 ERR] An unhandled exception has occurred while executing the request.
System.Xml.XmlException: Root element is missing.
   at System.Xml.XmlTextReaderImpl.Throw(Exception e)
   at System.Xml.XmlTextReaderImpl.ParseDocumentContent()
   at System.Xml.XmlTextReaderImpl.Read()
   at System.Xml.XPath.XPathDocument.LoadFromReader(XmlReader reader, XmlSpace space)
   at System.Xml.XPath.XPathDocument..ctor(String uri, XmlSpace space)
   at System.Xml.XPath.XPathDocument..ctor(String uri)
   at Microsoft.Extensions.DependencyInjection.SwaggerGenOptionsExtensions.<>c__DisplayClass30_0.<IncludeXmlComments>b__0()
   at Microsoft.Extensions.DependencyInjection.SwaggerGenOptionsExtensions.IncludeXmlComments(SwaggerGenOptions swaggerGenOptions, Func`1 xmlDocFactory, Boolean includeControllerXmlComments)
   at Microsoft.Extensions.DependencyInjection.SwaggerGenOptionsExtensions.IncludeXmlComments(SwaggerGenOptions swaggerGenOptions, String filePath, Boolean includeControllerXmlComments)
   at Pip.Startup.<>c.<ConfigureServices>b__8_2(SwaggerGenOptions c) in C:\Users\228884\Desktop\Projects\Repos\moh-prime\pip-dotnet-webapi\Startup.cs:line 61
   at Microsoft.Extensions.Options.ConfigureNamedOptions`1.Configure(String name, TOptions options)
   at Microsoft.Extensions.Options.OptionsFactory`1.Create(String name)
   at Microsoft.Extensions.Options.UnnamedOptionsManager`1.get_Value()
   at Swashbuckle.AspNetCore.SwaggerGen.ConfigureSwaggerGeneratorOptions..ctor(IOptions`1 swaggerGenOptionsAccessor, IServiceProvider serviceProvider, IWebHostEnvironment hostingEnv)
   at System.RuntimeMethodHandle.InvokeMethod(Object target, Span`1& arguments, Signature sig, Boolean constructor, Boolean wrapExceptions)
   at System.Reflection.RuntimeConstructorInfo.Invoke(BindingFlags invokeAttr, Binder binder, Object[] parameters, CultureInfo culture)
   at Microsoft.Extensions.DependencyInjection.ServiceLookup.CallSiteRuntimeResolver.VisitConstructor(ConstructorCallSite constructorCallSite, RuntimeResolverContext context)
   at Microsoft.Extensions.DependencyInjection.ServiceLookup.CallSiteVisitor`2.VisitCallSiteMain(ServiceCallSite callSite, TArgument argument)
   at Microsoft.Extensions.DependencyInjection.ServiceLookup.CallSiteVisitor`2.VisitCallSite(ServiceCallSite callSite, TArgument argument)
   at Microsoft.Extensions.DependencyInjection.ServiceLookup.CallSiteRuntimeResolver.VisitIEnumerable(IEnumerableCallSite enumerableCallSite, RuntimeResolverContext context)
   at Microsoft.Extensions.DependencyInjection.ServiceLookup.CallSiteVisitor`2.VisitCallSiteMain(ServiceCallSite callSite, TArgument argument)
   at Microsoft.Extensions.DependencyInjection.ServiceLookup.CallSiteVisitor`2.VisitCallSite(ServiceCallSite callSite, TArgument argument)
   at Microsoft.Extensions.DependencyInjection.ServiceLookup.CallSiteRuntimeResolver.VisitConstructor(ConstructorCallSite constructorCallSite, RuntimeResolverContext context)
   at Microsoft.Extensions.DependencyInjection.ServiceLookup.CallSiteVisitor`2.VisitCallSiteMain(ServiceCallSite callSite, TArgument argument)
   at Microsoft.Extensions.DependencyInjection.ServiceLookup.CallSiteVisitor`2.VisitCallSite(ServiceCallSite callSite, TArgument argument)
   at Microsoft.Extensions.DependencyInjection.ServiceLookup.CallSiteRuntimeResolver.VisitConstructor(ConstructorCallSite constructorCallSite, RuntimeResolverContext context)
   at Microsoft.Extensions.DependencyInjection.ServiceLookup.CallSiteVisitor`2.VisitCallSiteMain(ServiceCallSite callSite, TArgument argument)
   at Microsoft.Extensions.DependencyInjection.ServiceLookup.CallSiteRuntimeResolver.VisitRootCache(ServiceCallSite callSite, RuntimeResolverContext context)
   at Microsoft.Extensions.DependencyInjection.ServiceLookup.CallSiteVisitor`2.VisitCallSite(ServiceCallSite callSite, TArgument argument)
   at Microsoft.Extensions.DependencyInjection.ServiceLookup.CallSiteRuntimeResolver.Resolve(ServiceCallSite callSite, ServiceProviderEngineScope scope)
   at Microsoft.Extensions.DependencyInjection.ServiceProvider.CreateServiceAccessor(Type serviceType)
   at System.Collections.Concurrent.ConcurrentDictionary`2.GetOrAdd(TKey key, Func`2 valueFactory)
   at Microsoft.Extensions.DependencyInjection.ServiceProvider.GetService(Type serviceType, ServiceProviderEngineScope serviceProviderEngineScope)
   at Microsoft.Extensions.DependencyInjection.ServiceLookup.ServiceProviderEngineScope.GetService(Type serviceType)
   at Microsoft.Extensions.DependencyInjection.ServiceProviderServiceExtensions.GetRequiredService(IServiceProvider provider, Type serviceType)
   at Microsoft.Extensions.DependencyInjection.ServiceProviderServiceExtensions.GetRequiredService[T](IServiceProvider provider)
   at Microsoft.Extensions.DependencyInjection.SwaggerGenServiceCollectionExtensions.<>c.<AddSwaggerGen>b__0_1(IServiceProvider s)
   at Microsoft.Extensions.DependencyInjection.ServiceLookup.CallSiteVisitor`2.VisitCallSiteMain(ServiceCallSite callSite, TArgument argument)
   at Microsoft.Extensions.DependencyInjection.ServiceLookup.CallSiteVisitor`2.VisitCallSite(ServiceCallSite callSite, TArgument argument)
   at Microsoft.Extensions.DependencyInjection.ServiceLookup.CallSiteRuntimeResolver.VisitConstructor(ConstructorCallSite constructorCallSite, RuntimeResolverContext context)
   at Microsoft.Extensions.DependencyInjection.ServiceLookup.CallSiteVisitor`2.VisitCallSiteMain(ServiceCallSite callSite, TArgument argument)
   at Microsoft.Extensions.DependencyInjection.ServiceLookup.CallSiteVisitor`2.VisitCallSite(ServiceCallSite callSite, TArgument argument)
   at Microsoft.Extensions.DependencyInjection.ServiceLookup.CallSiteRuntimeResolver.Resolve(ServiceCallSite callSite, ServiceProviderEngineScope scope)
   at Microsoft.Extensions.DependencyInjection.ServiceLookup.DynamicServiceProviderEngine.<>c__DisplayClass2_0.<RealizeService>b__0(ServiceProviderEngineScope scope)
   at Microsoft.Extensions.DependencyInjection.ServiceProvider.GetService(Type serviceType, ServiceProviderEngineScope serviceProviderEngineScope)
   at Microsoft.Extensions.DependencyInjection.ServiceLookup.ServiceProviderEngineScope.GetService(Type serviceType)
   at Microsoft.AspNetCore.Builder.UseMiddlewareExtensions.GetService(IServiceProvider sp, Type type, Type middleware)
   at lambda_method6(Closure , Object , HttpContext , IServiceProvider )
   at Microsoft.AspNetCore.Builder.UseMiddlewareExtensions.<>c__DisplayClass5_1.<UseMiddleware>b__2(HttpContext context)
   at Microsoft.AspNetCore.Diagnostics.DeveloperExceptionPageMiddleware.Invoke(HttpContext context)
[23:38:41 INF] Starting web host
[23:38:42 INF] ###App Version:1.0.0.0###
[23:38:42 INF] ###Prime Configuration:{"ConnectionStrings":{"PipDatabase":"Host=localhost;Port=5433;Database=postgres;Username=postgres;Password=postgres"}}###
[23:38:42 INF] Now listening on: https://localhost:5051
[23:38:42 INF] Now listening on: http://localhost:5050
[23:38:42 INF] Application started. Press Ctrl+C to shut down.
[23:38:42 INF] Hosting environment: Development
[23:38:42 INF] Content root path: C:\Users\228884\Desktop\Projects\Repos\moh-prime\pip-dotnet-webapi
[23:39:10 INF] Starting web host
[23:39:10 INF] ###App Version:1.0.0.0###
[23:39:10 INF] ###Prime Configuration:{"ConnectionStrings":{"PipDatabase":"Host=localhost;Port=5433;Database=postgres;Username=postgres;Password=postgres"}}###
[23:39:11 INF] Now listening on: https://localhost:5051
[23:39:11 INF] Now listening on: http://localhost:5050
[23:39:11 INF] Application started. Press Ctrl+C to shut down.
[23:39:11 INF] Hosting environment: Development
[23:39:11 INF] Content root path: C:\Users\228884\Desktop\Projects\Repos\moh-prime\pip-dotnet-webapi
[23:40:27 INF] Starting web host
[23:40:27 INF] ###App Version:1.0.0.0###
[23:40:27 INF] ###Prime Configuration:{"ConnectionStrings":{"PipDatabase":"Host=localhost;Port=5433;Database=postgres;Username=postgres;Password=postgres"}}###
[23:40:28 INF] Now listening on: https://localhost:5051
[23:40:28 INF] Now listening on: http://localhost:5050
[23:40:28 INF] Application started. Press Ctrl+C to shut down.
[23:40:28 INF] Hosting environment: Development
[23:40:28 INF] Content root path: C:\Users\228884\Desktop\Projects\Repos\moh-prime\pip-dotnet-webapi
[23:41:43 INF] Starting web host
[23:41:43 INF] ###App Version:1.0.0.0###
[23:41:44 INF] ###Prime Configuration:{"ConnectionStrings":{"PipDatabase":"Host=localhost;Port=5433;Database=postgres;Username=postgres;Password=postgres"}}###
[23:41:44 INF] Now listening on: https://localhost:5051
[23:41:44 INF] Now listening on: http://localhost:5050
[23:41:44 INF] Application started. Press Ctrl+C to shut down.
[23:41:44 INF] Hosting environment: Development
[23:41:44 INF] Content root path: C:\Users\228884\Desktop\Projects\Repos\moh-prime\pip-dotnet-webapi
